<?xml version="1.0" encoding="UTF-8"?>
<testng-results ignored="2" total="5" passed="2" failed="1" skipped="0">
  <reporter-output>
  </reporter-output>
  <suite started-at="2023-02-07T22:53:28 IST" name="Suite" finished-at="2023-02-07T22:53:33 IST" duration-ms="4748">
    <groups>
    </groups>
    <test started-at="2023-02-07T22:53:28 IST" name="Test5" finished-at="2023-02-07T22:53:33 IST" duration-ms="4748">
      <class name="test.homepagetest1">
        <test-method is-config="true" signature="iniobject()[pri:0, instance:test.homepagetest1@23c30a20]" started-at="2023-02-07T22:53:31 IST" name="iniobject" finished-at="2023-02-07T22:53:31 IST" duration-ms="8" status="PASS">
          <reporter-output>
          </reporter-output>
        </test-method> <!-- iniobject -->
        <test-method signature="logout()[pri:0, instance:test.homepagetest1@23c30a20]" started-at="2023-02-07T22:53:31 IST" name="logout" finished-at="2023-02-07T22:53:33 IST" duration-ms="2144" status="PASS">
          <reporter-output>
          </reporter-output>
        </test-method> <!-- logout -->
      </class> <!-- test.homepagetest1 -->
      <class name="test.logintest1">
        <test-method is-config="true" signature="initialbrowser()[pri:0, instance:test.logintest1@32502377]" started-at="2023-02-07T22:53:12 IST" name="initialbrowser" finished-at="2023-02-07T22:53:28 IST" duration-ms="15587" status="PASS">
          <reporter-output>
          </reporter-output>
        </test-method> <!-- initialbrowser -->
        <test-method signature="verify()[pri:1, instance:test.logintest1@32502377]" started-at="2023-02-07T22:53:28 IST" name="verify" finished-at="2023-02-07T22:53:28 IST" duration-ms="0" status="FAIL">
          <exception class="java.lang.NullPointerException">
            <message>
              <![CDATA[Cannot invoke "page.loginpage1.isbutton()" because "this.lp" is null]]>
            </message>
            <full-stacktrace>
              <![CDATA[java.lang.NullPointerException: Cannot invoke "page.loginpage1.isbutton()" because "this.lp" is null
at test.logintest1.verify(logintest1.java:22)
at java.base/jdk.internal.reflect.NativeMethodAccessorImpl.invoke0(Native Method)
at java.base/jdk.internal.reflect.NativeMethodAccessorImpl.invoke(NativeMethodAccessorImpl.java:77)
at java.base/jdk.internal.reflect.DelegatingMethodAccessorImpl.invoke(DelegatingMethodAccessorImpl.java:43)
at java.base/java.lang.reflect.Method.invoke(Method.java:568)
at org.testng.internal.MethodInvocationHelper.invokeMethod(MethodInvocationHelper.java:133)
at org.testng.internal.TestInvoker.invokeMethod(TestInvoker.java:598)
at org.testng.internal.TestInvoker.invokeTestMethod(TestInvoker.java:173)
at org.testng.internal.MethodRunner.runInSequence(MethodRunner.java:46)
at org.testng.internal.TestInvoker$MethodInvocationAgent.invoke(TestInvoker.java:824)
at org.testng.internal.TestInvoker.invokeTestMethods(TestInvoker.java:146)
at org.testng.internal.TestMethodWorker.invokeTestMethods(TestMethodWorker.java:146)
at org.testng.internal.TestMethodWorker.run(TestMethodWorker.java:128)
at java.base/java.util.ArrayList.forEach(ArrayList.java:1511)
at org.testng.TestRunner.privateRun(TestRunner.java:794)
at org.testng.TestRunner.run(TestRunner.java:596)
at org.testng.SuiteRunner.runTest(SuiteRunner.java:377)
at org.testng.SuiteRunner.runSequentially(SuiteRunner.java:371)
at org.testng.SuiteRunner.privateRun(SuiteRunner.java:332)
at org.testng.SuiteRunner.run(SuiteRunner.java:276)
at org.testng.SuiteRunnerWorker.runSuite(SuiteRunnerWorker.java:53)
at org.testng.SuiteRunnerWorker.run(SuiteRunnerWorker.java:96)
at org.testng.TestNG.runSuitesSequentially(TestNG.java:1212)
at org.testng.TestNG.runSuitesLocally(TestNG.java:1134)
at org.testng.TestNG.runSuites(TestNG.java:1063)
at org.testng.TestNG.run(TestNG.java:1031)
at org.testng.remote.AbstractRemoteTestNG.run(AbstractRemoteTestNG.java:115)
at org.testng.remote.RemoteTestNG.initAndRun(RemoteTestNG.java:251)
at org.testng.remote.RemoteTestNG.main(RemoteTestNG.java:77)
]]>
            </full-stacktrace>
          </exception> <!-- java.lang.NullPointerException -->
          <reporter-output>
          </reporter-output>
        </test-method> <!-- verify -->
        <test-method signature="login()[pri:2, instance:test.logintest1@32502377]" started-at="2023-02-07T22:53:28 IST" name="login" finished-at="2023-02-07T22:53:31 IST" duration-ms="2526" status="PASS">
          <reporter-output>
          </reporter-output>
        </test-method> <!-- login -->
        <test-method is-config="true" signature="teardown()[pri:0, instance:test.logintest1@32502377]" started-at="2023-02-07T22:53:33 IST" name="teardown" finished-at="2023-02-07T22:53:35 IST" duration-ms="2247" status="PASS">
          <reporter-output>
          </reporter-output>
        </test-method> <!-- teardown -->
      </class> <!-- test.logintest1 -->
    </test> <!-- Test5 -->
  </suite> <!-- Suite -->
</testng-results>
