<?xml version="1.0" encoding="UTF-8"?>
<!-- Generated by org.testng.reporters.JUnitXMLReporter -->
<testsuite ignored="2" hostname="VIKASLAGAD" failures="2" tests="2" name="Test5" time="0.493" errors="0" timestamp="2023-02-07T23:25:51 IST">
  <testcase classname="test.logintest1" name="verify" time="0.008">
    <failure type="java.lang.NullPointerException" message="Cannot invoke &amp;quot;page.loginpage1.isbutton()&amp;quot; because &amp;quot;this.lp&amp;quot; is null">
      <![CDATA[java.lang.NullPointerException: Cannot invoke "page.loginpage1.isbutton()" because "this.lp" is null
at test.logintest1.verify(logintest1.java:22)
at java.base/java.util.ArrayList.forEach(ArrayList.java:1511)
... Removed 27 stack frames]]>
    </failure>
  </testcase> <!-- verify -->
  <testcase classname="test.logintest1" name="verify" time="0.26">
    <failure type="java.lang.NullPointerException">
      <![CDATA[java.lang.NullPointerException
at java.base/java.io.File.<init>(File.java:278)
at utility.screenshot.capture(screenshot.java:17)
at utility.Listner.onTestFailure(Listner.java:15)
at java.base/java.util.ArrayList.forEach(ArrayList.java:1511)
... Removed 24 stack frames]]>
    </failure>
  </testcase> <!-- verify -->
  <testcase classname="test.Basetest1" name="@BeforeSuite initialbrowser" time="0.0">
    <ignored/>
  </testcase> <!-- @BeforeSuite initialbrowser -->
  <testcase classname="test.Basetest1" name="@AfterSuite teardown" time="0.0">
    <ignored/>
  </testcase> <!-- @AfterSuite teardown -->
</testsuite> <!-- Test5 -->
